[wbpreview.com/previews/WB02793H5/index.html]
[backblue.gif]
[fade.gif]
[index.html]
[wbpreview.com/previews/WB02793H5/css/real_estate.css]
[wbpreview.com/previews/WB02793H5/index-2.html]
[wbpreview.com/previews/WB02793H5/css/images/Home-green-48.png]
[wbpreview.com/previews/WB02793H5/listings.html]
[wbpreview.com/previews/WB02793H5/map_properties.html]
[wbpreview.com/previews/WB02793H5/compare.html]
[wbpreview.com/previews/WB02793H5/property.html]
[wbpreview.com/previews/WB02793H5/typography.html]
[wbpreview.com/previews/WB02793H5/terms.html]
[wbpreview.com/previews/WB02793H5/contact.html]
[wbpreview.com/previews/WB02793H5/about.html]
[wbpreview.com/previews/WB02793H5/css/images/carousel_1.jpg]
[wbpreview.com/previews/WB02793H5/css/images/carousel_2.jpg]
[wbpreview.com/previews/WB02793H5/css/images/carousel_3.jpg]
[wbpreview.com/previews/WB02793H5/css/images/latest_properties.jpg]
[wbpreview.com/previews/WB02793H5/css/images/new_homes.png]
[wbpreview.com/previews/WB02793H5/css/images/homes_abroad.png]
[wbpreview.com/previews/WB02793H5/js/jquery.aw-showcase/css/style.css]
[wbpreview.com/previews/WB02793H5/bootstrap/js/bootstrap.js]
[wbpreview.com/previews/WB02793H5/js/badger/badger.min.css]
[wbpreview.com/previews/WB02793H5/js/badger/badger.min.js]
[wbpreview.com/previews/WB02793H5/js/sticky/sticky.min.css]
[wbpreview.com/previews/WB02793H5/js/sticky/sticky.min.js]
[wbpreview.com/previews/WB02793H5/js/portamento-min.js]
[wbpreview.com/previews/WB02793H5/index.html]
[wbpreview.com/previews/WB02793H5/js/global.js]
[wbpreview.com/previews/WB02793H5/css/images/loader.gif]
[wbpreview.com/previews/WB02793H5/css/real_estate.css]
[wbpreview.com/previews/WB02793H5/index-2.html]
[wbpreview.com/previews/WB02793H5/category.1d.delayed]
[wbpreview.com/previews/WB02793H5/css/images/premium/premium_1.jpg]
[wbpreview.com/previews/WB02793H5/css/images/premium/premium_2.jpg]
[wbpreview.com/previews/WB02793H5/css/images/premium/premium_3.jpg]
[wbpreview.com/previews/WB02793H5/css/images/houses/house_1.jpg]
[wbpreview.com/previews/WB02793H5/css/images/houses/house_2.jpg]
[wbpreview.com/previews/WB02793H5/css/images/houses/house_3.jpg]
[wbpreview.com/previews/WB02793H5/css/images/houses/house_4.jpg]
[wbpreview.com/previews/WB02793H5/css/images/houses/house_6.jpg]
[wbpreview.com/previews/WB02793H5/css/images/houses/house_7.jpg]
[wbpreview.com/previews/WB02793H5/css/images/houses/house_8.jpg]
[wbpreview.com/previews/WB02793H5/css/images/houses/house_9.jpg]
[wbpreview.com/previews/WB02793H5/css/images/houses/house_10.jpg]
[wbpreview.com/previews/WB02793H5/listings.html]
[wbpreview.com/previews/WB02793H5/map_properties.html]
[wbpreview.com/previews/WB02793H5/css/images/gallery/room_0.jpg]
[wbpreview.com/previews/WB02793H5/css/images/gallery/room_2.jpg]
[wbpreview.com/previews/WB02793H5/compare.html]
[wbpreview.com/previews/WB02793H5/css/images/thumbnails/room_0.jpg]
[wbpreview.com/previews/WB02793H5/css/images/thumbnails/room_1.jpg]
[wbpreview.com/previews/WB02793H5/css/images/thumbnails/room_2.jpg]
[wbpreview.com/previews/WB02793H5/css/images/gallery/room_3.jpg]
[wbpreview.com/previews/WB02793H5/css/images/thumbnails/room_3.jpg]
[wbpreview.com/previews/WB02793H5/css/images/gallery/room_4.jpg]
[wbpreview.com/previews/WB02793H5/css/images/thumbnails/room_4.jpg]
[wbpreview.com/previews/WB02793H5/css/images/gallery/room_5.jpg]
[wbpreview.com/previews/WB02793H5/css/images/gallery/room_6.jpg]
[wbpreview.com/previews/WB02793H5/css/images/gallery/room_7.jpg]
[wbpreview.com/previews/WB02793H5/css/images/thumbnails/room_8.jpg]
[wbpreview.com/previews/WB02793H5/property.html]
[wbpreview.com/previews/WB02793H5/typography.html]
[wbpreview.com/previews/WB02793H5/terms.html]
[wbpreview.com/previews/WB02793H5/contact.html]
[wbpreview.com/previews/WB02793H5/about.html]
[wbpreview.com/previews/WB02793H5/js/jquery.aw-showcase/images/left-arrow.png]
[wbpreview.com/previews/WB02793H5/js/jquery.aw-showcase/images/right-arrow.png]
[wbpreview.com/previews/WB02793H5/js/jquery.min.js]
[wbpreview.com/previews/WB02793H5/js/jquery.aw-showcase/images/plus.40.delayed]
[wbpreview.com/previews/WB02793H5/js/jquery.aw-showcase/css/style.css]
[wbpreview.com/previews/WB02793H5/bootstrap/js/bootstrap.js]
[wbpreview.com/previews/WB02793H5/js/badger/badger.min.css]
[wbpreview.com/previews/WB02793H5/js/badger/badger.min.js]
[wbpreview.com/previews/WB02793H5/js/sticky/sticky.min.css]
[wbpreview.com/previews/WB02793H5/js/sticky/sticky.min.js]
[wbpreview.com/previews/WB02793H5/js/portamento-min.js]
[wbpreview.com/previews/WB02793H5/js/global.js]
[wbpreview.com/previews/WB02793H5/category.html]
[wbpreview.com/previews/WB02793H5/css/images/thumbnails/room_5.jpg]
[wbpreview.com/previews/WB02793H5/css/images/gallery/room_1.jpg]
[wbpreview.com/previews/WB02793H5/css/images/houses/house_5.jpg]
[wbpreview.com/previews/WB02793H5/css/images/thumbnails/room_6.jpg]
[wbpreview.com/previews/WB02793H5/css/images/thumbnails/room_7.jpg]
[wbpreview.com/previews/WB02793H5/css/images/gallery/room_8.jpg]
[wbpreview.com/previews/WB02793H5/css/images/remax-logo-color.jpg]
[wbpreview.com/previews/WB02793H5/js/jquery.min.js]
[wbpreview.com/previews/WB02793H5/js/jquery.aw-showcase/images/plus.html]
[wbpreview.com/previews/WB02793H5/css/images/houses/house_5.jpg]
[wbpreview.com/previews/WB02793H5/js/jquery.aw-showcase/jquery.aw-showcase.js]
[wbpreview.com/previews/WB02793H5/css/images/thumbnails/room_5.jpg]
[wbpreview.com/previews/WB02793H5/css/images/thumbnails/room_6.jpg]
[wbpreview.com/previews/WB02793H5/css/images/thumbnails/room_7.jpg]
[wbpreview.com/previews/WB02793H5/css/images/gallery/room_8.jpg]
[wbpreview.com/previews/WB02793H5/css/images/remax-logo-color.jpg]
[wbpreview.com/previews/WB02793H5/js/jquery.aw-showcase/jquery.aw-showcase.js]
